<?xml version="1.0" encoding="UTF-8"?>
<!-- Generated by org.testng.reporters.JUnitReportReporter -->
<testsuite hostname="Gate6-70" name="Selenium_Interview.SwithToWindow" tests="1" failures="0" timestamp="1 Aug 2018 11:20:46 GMT" time="11.085" errors="0">
  <testcase name="Navigates" time="11.085" classname="Selenium_Interview.SwithToWindow"/>
</testsuite> <!-- Selenium_Interview.SwithToWindow -->
