<?xml version="1.0" encoding="UTF-8"?>
<!-- Generated by org.testng.reporters.JUnitReportReporter -->
<testsuite hostname="Gate6-70" name="Selenium_Interview.PofLogin" tests="1" failures="0" timestamp="7 Aug 2018 10:20:03 GMT" time="10.619" errors="0">
  <testcase name="DoLogin" time="10.619" classname="Selenium_Interview.PofLogin"/>
</testsuite> <!-- Selenium_Interview.PofLogin -->
