<?xml version="1.0" encoding="UTF-8"?>
<!-- Generated by org.testng.reporters.JUnitReportReporter -->
<testsuite hostname="Gate6-70" name="TestSuit.TestCasesSignInAcedmia" tests="4" failures="0" timestamp="10 Aug 2018 04:47:13 GMT" time="27.436" errors="0">
  <testcase name="LoginWithBlankUsernamePassword" time="5.252" classname="TestSuit.TestCasesSignInAcedmia"/>
  <testcase name="LoginWithBlankUserNameOnly" time="5.457" classname="TestSuit.TestCasesSignInAcedmia"/>
  <testcase name="LoginWithBlankPasswordOnly" time="5.398" classname="TestSuit.TestCasesSignInAcedmia"/>
  <testcase name="LoginWithWrongUsernamePassword" time="11.329" classname="TestSuit.TestCasesSignInAcedmia"/>
</testsuite> <!-- TestSuit.TestCasesSignInAcedmia -->
