<?xml version="1.0" encoding="UTF-8"?>
<!-- Generated by org.testng.reporters.JUnitReportReporter -->
<testsuite hostname="Gate6-70" name="Selenium_Interview.IFrames" tests="2" failures="0" timestamp="6 Aug 2018 07:20:32 GMT" time="212.954" errors="0">
  <testcase name="HandleSingleFrame" time="132.462" classname="Selenium_Interview.IFrames"/>
  <testcase name="SwitchToFrameUsingIndex" time="80.492" classname="Selenium_Interview.IFrames"/>
</testsuite> <!-- Selenium_Interview.IFrames -->
