<?xml version="1.0" encoding="UTF-8"?>
<!-- Generated by org.testng.reporters.JUnitReportReporter -->
<testsuite hostname="Gate6-70" name="Selenium_Interview.HandleHTTPScertification" tests="1" failures="1" timestamp="6 Aug 2018 10:55:46 GMT" time="47.121" errors="0">
  <testcase name="OpenBrowser" time="47.121" classname="Selenium_Interview.HandleHTTPScertification">
    <failure type="org.openqa.selenium.WebDriverException" message="Failed to connect to binary FirefoxBinary(/usr/bin/firefox) on port 7055; process output follows: 
ite succeeded
1533552904153	addons.xpi	DEBUG	Ignoring file entry whose name is not a valid add-on ID: /tmp/anonymous4249172600662805268webdriver-profile/extensions/webdriver-staging
1533552904153	addons.xpi	INFO	Mapping fxdriver@googlecode.com to /tmp/anonymous4249172600662805268webdriver-profile/extensions/fxdriver@googlecode.com
1533552904153	addons.xpi	DEBUG	Existing add-on fxdriver@googlecode.com in app-profile
1533552904154	addons.xpi	INFO	Mapping aushelper@mozilla.org to /usr/lib/firefox/browser/features/aushelper@mozilla.org.xpi
1533552904154	addons.xpi	INFO	Mapping firefox@getpocket.com to /usr/lib/firefox/browser/features/firefox@getpocket.com.xpi
1533552904155	addons.xpi	INFO	Mapping onboarding@mozilla.org to /usr/lib/firefox/browser/features/onboarding@mozilla.org.xpi
1533552904155	addons.xpi	INFO	Mapping activity-stream@mozilla.org to /usr/lib/firefox/browser/features/activity-stream@mozilla.org.xpi
1533552904155	addons.xpi	INFO	Mapping shield-recipe-client@mozilla.org to /usr/lib/firefox/browser/features/shield-recipe-client@mozilla.org.xpi
1533552904155	addons.xpi	INFO	Mapping webcompat@mozilla.org to /usr/lib/firefox/browser/features/webcompat@mozilla.org.xpi
1533552904155	addons.xpi	INFO	Mapping formautofill@mozilla.org to /usr/lib/firefox/browser/features/formautofill@mozilla.org.xpi
1533552904155	addons.xpi	INFO	Mapping screenshots@mozilla.org to /usr/lib/firefox/browser/features/screenshots@mozilla.org.xpi
1533552904156	addons.xpi	INFO	Mapping followonsearch@mozilla.com to /usr/lib/firefox/browser/features/followonsearch@mozilla.com.xpi
1533552904156	addons.xpi	INFO	Mapping e10srollout@mozilla.org to /usr/lib/firefox/browser/features/e10srollout@mozilla.org.xpi
1533552904156	addons.xpi	DEBUG	Existing add-on aushelper@mozilla.org in app-system-defaults
1533552904157	addons.xpi	DEBUG	Existing add-on firefox@getpocket.com in app-system-defaults
1533552904157	addons.xpi	DEBUG	Existing add-on onboarding@mozilla.org in app-system-defaults
1533552904157	addons.xpi	DEBUG	Existing add-on activity-stream@mozilla.org in app-system-defaults
1533552904158	addons.xpi	DEBUG	Existing add-on shield-recipe-client@mozilla.org in app-system-defaults
1533552904158	addons.xpi	DEBUG	Existing add-on webcompat@mozilla.org in app-system-defaults
1533552904158	addons.xpi	DEBUG	Existing add-on formautofill@mozilla.org in app-system-defaults
1533552904159	addons.xpi	DEBUG	Existing add-on screenshots@mozilla.org in app-system-defaults
1533552904159	addons.xpi	DEBUG	Existing add-on followonsearch@mozilla.com in app-system-defaults
1533552904159	addons.xpi	DEBUG	Existing add-on e10srollout@mozilla.org in app-system-defaults
1533552904160	addons.xpi	INFO	Mapping {972ce4c6-7e08-4474-a285-3208198ce6fd} to /usr/lib/firefox/browser/extensions/{972ce4c6-7e08-4474-a285-3208198ce6fd}.xpi
1533552904160	addons.xpi	INFO	Mapping langpack-en-GB@firefox.mozilla.org to /usr/lib/firefox/browser/extensions/langpack-en-GB@firefox.mozilla.org.xpi
1533552904160	addons.xpi	INFO	Mapping langpack-en-ZA@firefox.mozilla.org to /usr/lib/firefox/browser/extensions/langpack-en-ZA@firefox.mozilla.org.xpi
1533552904161	addons.xpi	DEBUG	Existing add-on {972ce4c6-7e08-4474-a285-3208198ce6fd} in app-global
1533552904161	addons.xpi	DEBUG	Existing add-on langpack-en-GB@firefox.mozilla.org in app-global
1533552904161	addons.xpi	DEBUG	Existing add-on langpack-en-ZA@firefox.mozilla.org in app-global
1533552904162	addons.xpi	DEBUG	getInstallState changed: false, state: {}
1533552908781	DeferredSave.webext.sc.lz4	DEBUG	Starting write
1533552908795	DeferredSave.webext.sc.lz4	DEBUG	Write succeeded
1533552938596	addons.productaddons	INFO	sending request to: https://aus5.mozilla.org/update/3/GMP/57.0.4/20180104112904/Linux_x86_64-gcc3/null/release-cck- ubuntu/Linux%204.10.0-42-generic%20(GTK%203.18.9%2Clibpulse%208.0.0)/canonical/1.0/update.xml
1533552939631	addons.productaddons	INFO	Completed downloading document
1533552941674	addons.productaddons	INFO	downloadXHR File download. status=200
1533552941676	addons.productaddons	INFO	Downloaded file will be saved to /tmp/tmpaddon

Build info: version: &#039;2.50.1&#039;, revision: &#039;d7fc91b29de65b790abb01f3ac5f7ea2191c88a7&#039;, time: &#039;2016-01-29 11:11:26&#039;
System info: host: &#039;Gate6-70&#039;, ip: &#039;127.0.1.1&#039;, os.name: &#039;Linux&#039;, os.arch: &#039;amd64&#039;, os.version: &#039;4.10.0-42-generic&#039;, java.version: &#039;1.8.0_151&#039;
Driver info: driver.version: FirefoxDriver">
      <![CDATA[org.openqa.selenium.WebDriverException: Failed to connect to binary FirefoxBinary(/usr/bin/firefox) on port 7055; process output follows: 
ite succeeded
1533552904153	addons.xpi	DEBUG	Ignoring file entry whose name is not a valid add-on ID: /tmp/anonymous4249172600662805268webdriver-profile/extensions/webdriver-staging
1533552904153	addons.xpi	INFO	Mapping fxdriver@googlecode.com to /tmp/anonymous4249172600662805268webdriver-profile/extensions/fxdriver@googlecode.com
1533552904153	addons.xpi	DEBUG	Existing add-on fxdriver@googlecode.com in app-profile
1533552904154	addons.xpi	INFO	Mapping aushelper@mozilla.org to /usr/lib/firefox/browser/features/aushelper@mozilla.org.xpi
1533552904154	addons.xpi	INFO	Mapping firefox@getpocket.com to /usr/lib/firefox/browser/features/firefox@getpocket.com.xpi
1533552904155	addons.xpi	INFO	Mapping onboarding@mozilla.org to /usr/lib/firefox/browser/features/onboarding@mozilla.org.xpi
1533552904155	addons.xpi	INFO	Mapping activity-stream@mozilla.org to /usr/lib/firefox/browser/features/activity-stream@mozilla.org.xpi
1533552904155	addons.xpi	INFO	Mapping shield-recipe-client@mozilla.org to /usr/lib/firefox/browser/features/shield-recipe-client@mozilla.org.xpi
1533552904155	addons.xpi	INFO	Mapping webcompat@mozilla.org to /usr/lib/firefox/browser/features/webcompat@mozilla.org.xpi
1533552904155	addons.xpi	INFO	Mapping formautofill@mozilla.org to /usr/lib/firefox/browser/features/formautofill@mozilla.org.xpi
1533552904155	addons.xpi	INFO	Mapping screenshots@mozilla.org to /usr/lib/firefox/browser/features/screenshots@mozilla.org.xpi
1533552904156	addons.xpi	INFO	Mapping followonsearch@mozilla.com to /usr/lib/firefox/browser/features/followonsearch@mozilla.com.xpi
1533552904156	addons.xpi	INFO	Mapping e10srollout@mozilla.org to /usr/lib/firefox/browser/features/e10srollout@mozilla.org.xpi
1533552904156	addons.xpi	DEBUG	Existing add-on aushelper@mozilla.org in app-system-defaults
1533552904157	addons.xpi	DEBUG	Existing add-on firefox@getpocket.com in app-system-defaults
1533552904157	addons.xpi	DEBUG	Existing add-on onboarding@mozilla.org in app-system-defaults
1533552904157	addons.xpi	DEBUG	Existing add-on activity-stream@mozilla.org in app-system-defaults
1533552904158	addons.xpi	DEBUG	Existing add-on shield-recipe-client@mozilla.org in app-system-defaults
1533552904158	addons.xpi	DEBUG	Existing add-on webcompat@mozilla.org in app-system-defaults
1533552904158	addons.xpi	DEBUG	Existing add-on formautofill@mozilla.org in app-system-defaults
1533552904159	addons.xpi	DEBUG	Existing add-on screenshots@mozilla.org in app-system-defaults
1533552904159	addons.xpi	DEBUG	Existing add-on followonsearch@mozilla.com in app-system-defaults
1533552904159	addons.xpi	DEBUG	Existing add-on e10srollout@mozilla.org in app-system-defaults
1533552904160	addons.xpi	INFO	Mapping {972ce4c6-7e08-4474-a285-3208198ce6fd} to /usr/lib/firefox/browser/extensions/{972ce4c6-7e08-4474-a285-3208198ce6fd}.xpi
1533552904160	addons.xpi	INFO	Mapping langpack-en-GB@firefox.mozilla.org to /usr/lib/firefox/browser/extensions/langpack-en-GB@firefox.mozilla.org.xpi
1533552904160	addons.xpi	INFO	Mapping langpack-en-ZA@firefox.mozilla.org to /usr/lib/firefox/browser/extensions/langpack-en-ZA@firefox.mozilla.org.xpi
1533552904161	addons.xpi	DEBUG	Existing add-on {972ce4c6-7e08-4474-a285-3208198ce6fd} in app-global
1533552904161	addons.xpi	DEBUG	Existing add-on langpack-en-GB@firefox.mozilla.org in app-global
1533552904161	addons.xpi	DEBUG	Existing add-on langpack-en-ZA@firefox.mozilla.org in app-global
1533552904162	addons.xpi	DEBUG	getInstallState changed: false, state: {}
1533552908781	DeferredSave.webext.sc.lz4	DEBUG	Starting write
1533552908795	DeferredSave.webext.sc.lz4	DEBUG	Write succeeded
1533552938596	addons.productaddons	INFO	sending request to: https://aus5.mozilla.org/update/3/GMP/57.0.4/20180104112904/Linux_x86_64-gcc3/null/release-cck- ubuntu/Linux%204.10.0-42-generic%20(GTK%203.18.9%2Clibpulse%208.0.0)/canonical/1.0/update.xml
1533552939631	addons.productaddons	INFO	Completed downloading document
1533552941674	addons.productaddons	INFO	downloadXHR File download. status=200
1533552941676	addons.productaddons	INFO	Downloaded file will be saved to /tmp/tmpaddon

Build info: version: '2.50.1', revision: 'd7fc91b29de65b790abb01f3ac5f7ea2191c88a7', time: '2016-01-29 11:11:26'
System info: host: 'Gate6-70', ip: '127.0.1.1', os.name: 'Linux', os.arch: 'amd64', os.version: '4.10.0-42-generic', java.version: '1.8.0_151'
Driver info: driver.version: FirefoxDriver
	at org.openqa.selenium.firefox.internal.NewProfileExtensionConnection.start(NewProfileExtensionConnection.java:135)
	at org.openqa.selenium.firefox.FirefoxDriver.startClient(FirefoxDriver.java:271)
	at org.openqa.selenium.remote.RemoteWebDriver.<init>(RemoteWebDriver.java:119)
	at org.openqa.selenium.firefox.FirefoxDriver.<init>(FirefoxDriver.java:216)
	at org.openqa.selenium.firefox.FirefoxDriver.<init>(FirefoxDriver.java:211)
	at org.openqa.selenium.firefox.FirefoxDriver.<init>(FirefoxDriver.java:128)
	at Selenium_Interview.HandleHTTPScertification.OpenBrowser(HandleHTTPScertification.java:23)
	at sun.reflect.NativeMethodAccessorImpl.invoke0(Native Method)
	at sun.reflect.NativeMethodAccessorImpl.invoke(NativeMethodAccessorImpl.java:62)
	at sun.reflect.DelegatingMethodAccessorImpl.invoke(DelegatingMethodAccessorImpl.java:43)
	at java.lang.reflect.Method.invoke(Method.java:498)
	at org.testng.internal.MethodInvocationHelper.invokeMethod(MethodInvocationHelper.java:80)
	at org.testng.internal.Invoker.invokeMethod(Invoker.java:714)
	at org.testng.internal.Invoker.invokeTestMethod(Invoker.java:901)
	at org.testng.internal.Invoker.invokeTestMethods(Invoker.java:1231)
	at org.testng.internal.TestMethodWorker.invokeTestMethods(TestMethodWorker.java:127)
	at org.testng.internal.TestMethodWorker.run(TestMethodWorker.java:111)
	at org.testng.TestRunner.privateRun(TestRunner.java:767)
	at org.testng.TestRunner.run(TestRunner.java:617)
	at org.testng.SuiteRunner.runTest(SuiteRunner.java:334)
	at org.testng.SuiteRunner.runSequentially(SuiteRunner.java:329)
	at org.testng.SuiteRunner.privateRun(SuiteRunner.java:291)
	at org.testng.SuiteRunner.run(SuiteRunner.java:240)
	at org.testng.SuiteRunnerWorker.runSuite(SuiteRunnerWorker.java:52)
	at org.testng.SuiteRunnerWorker.run(SuiteRunnerWorker.java:86)
	at org.testng.TestNG.runSuitesSequentially(TestNG.java:1198)
	at org.testng.TestNG.runSuitesLocally(TestNG.java:1123)
	at org.testng.TestNG.run(TestNG.java:1031)
	at org.testng.remote.AbstractRemoteTestNG.run(AbstractRemoteTestNG.java:114)
	at org.testng.remote.RemoteTestNG.initAndRun(RemoteTestNG.java:251)
	at org.testng.remote.RemoteTestNG.main(RemoteTestNG.java:77)
Caused by: org.openqa.selenium.firefox.NotConnectedException: Unable to connect to host 127.0.0.1 on port 7055 after 45000 ms. Firefox console output:
ite succeeded
1533552904153	addons.xpi	DEBUG	Ignoring file entry whose name is not a valid add-on ID: /tmp/anonymous4249172600662805268webdriver-profile/extensions/webdriver-staging
1533552904153	addons.xpi	INFO	Mapping fxdriver@googlecode.com to /tmp/anonymous4249172600662805268webdriver-profile/extensions/fxdriver@googlecode.com
1533552904153	addons.xpi	DEBUG	Existing add-on fxdriver@googlecode.com in app-profile
1533552904154	addons.xpi	INFO	Mapping aushelper@mozilla.org to /usr/lib/firefox/browser/features/aushelper@mozilla.org.xpi
1533552904154	addons.xpi	INFO	Mapping firefox@getpocket.com to /usr/lib/firefox/browser/features/firefox@getpocket.com.xpi
1533552904155	addons.xpi	INFO	Mapping onboarding@mozilla.org to /usr/lib/firefox/browser/features/onboarding@mozilla.org.xpi
1533552904155	addons.xpi	INFO	Mapping activity-stream@mozilla.org to /usr/lib/firefox/browser/features/activity-stream@mozilla.org.xpi
1533552904155	addons.xpi	INFO	Mapping shield-recipe-client@mozilla.org to /usr/lib/firefox/browser/features/shield-recipe-client@mozilla.org.xpi
1533552904155	addons.xpi	INFO	Mapping webcompat@mozilla.org to /usr/lib/firefox/browser/features/webcompat@mozilla.org.xpi
1533552904155	addons.xpi	INFO	Mapping formautofill@mozilla.org to /usr/lib/firefox/browser/features/formautofill@mozilla.org.xpi
1533552904155	addons.xpi	INFO	Mapping screenshots@mozilla.org to /usr/lib/firefox/browser/features/screenshots@mozilla.org.xpi
1533552904156	addons.xpi	INFO	Mapping followonsearch@mozilla.com to /usr/lib/firefox/browser/features/followonsearch@mozilla.com.xpi
1533552904156	addons.xpi	INFO	Mapping e10srollout@mozilla.org to /usr/lib/firefox/browser/features/e10srollout@mozilla.org.xpi
1533552904156	addons.xpi	DEBUG	Existing add-on aushelper@mozilla.org in app-system-defaults
1533552904157	addons.xpi	DEBUG	Existing add-on firefox@getpocket.com in app-system-defaults
1533552904157	addons.xpi	DEBUG	Existing add-on onboarding@mozilla.org in app-system-defaults
1533552904157	addons.xpi	DEBUG	Existing add-on activity-stream@mozilla.org in app-system-defaults
1533552904158	addons.xpi	DEBUG	Existing add-on shield-recipe-client@mozilla.org in app-system-defaults
1533552904158	addons.xpi	DEBUG	Existing add-on webcompat@mozilla.org in app-system-defaults
1533552904158	addons.xpi	DEBUG	Existing add-on formautofill@mozilla.org in app-system-defaults
1533552904159	addons.xpi	DEBUG	Existing add-on screenshots@mozilla.org in app-system-defaults
1533552904159	addons.xpi	DEBUG	Existing add-on followonsearch@mozilla.com in app-system-defaults
1533552904159	addons.xpi	DEBUG	Existing add-on e10srollout@mozilla.org in app-system-defaults
1533552904160	addons.xpi	INFO	Mapping {972ce4c6-7e08-4474-a285-3208198ce6fd} to /usr/lib/firefox/browser/extensions/{972ce4c6-7e08-4474-a285-3208198ce6fd}.xpi
1533552904160	addons.xpi	INFO	Mapping langpack-en-GB@firefox.mozilla.org to /usr/lib/firefox/browser/extensions/langpack-en-GB@firefox.mozilla.org.xpi
1533552904160	addons.xpi	INFO	Mapping langpack-en-ZA@firefox.mozilla.org to /usr/lib/firefox/browser/extensions/langpack-en-ZA@firefox.mozilla.org.xpi
1533552904161	addons.xpi	DEBUG	Existing add-on {972ce4c6-7e08-4474-a285-3208198ce6fd} in app-global
1533552904161	addons.xpi	DEBUG	Existing add-on langpack-en-GB@firefox.mozilla.org in app-global
1533552904161	addons.xpi	DEBUG	Existing add-on langpack-en-ZA@firefox.mozilla.org in app-global
1533552904162	addons.xpi	DEBUG	getInstallState changed: false, state: {}
1533552908781	DeferredSave.webext.sc.lz4	DEBUG	Starting write
1533552908795	DeferredSave.webext.sc.lz4	DEBUG	Write succeeded
1533552938596	addons.productaddons	INFO	sending request to: https://aus5.mozilla.org/update/3/GMP/57.0.4/20180104112904/Linux_x86_64-gcc3/null/release-cck- ubuntu/Linux%204.10.0-42-generic%20(GTK%203.18.9%2Clibpulse%208.0.0)/canonical/1.0/update.xml
1533552939631	addons.productaddons	INFO	Completed downloading document
1533552941674	addons.productaddons	INFO	downloadXHR File download. status=200
1533552941676	addons.productaddons	INFO	Downloaded file will be saved to /tmp/tmpaddon

	at org.openqa.selenium.firefox.internal.NewProfileExtensionConnection.start(NewProfileExtensionConnection.java:123)
	... 30 more
]]>
    </failure>
  </testcase> <!-- OpenBrowser -->
</testsuite> <!-- Selenium_Interview.HandleHTTPScertification -->
