<?xml version="1.0" encoding="UTF-8"?>
<!-- Generated by org.testng.reporters.JUnitReportReporter -->
<testsuite hostname="Gate6-70" name="DataCrolling.Okcupid" tests="1" failures="0" timestamp="7 Aug 2018 10:14:19 GMT" time="0.696" errors="0">
  <testcase name="DoLogin" time="0.696" classname="DataCrolling.Okcupid"/>
</testsuite> <!-- DataCrolling.Okcupid -->
